<xml>
    <appId>wx23093572b097a654</appId>
    <secret>45bc41a56beda271cb3320c807ff6dda</secret>
    <token>qbtest</token>
    <aesKey></aesKey>
    <accessToken>0</accessToken>
    <expiresTime>0</expiresTime>
    <openId>oFsDqwi4j7GDdLU2_onXkeqVMCW0</openId>
    <oauth2redirectUri></oauth2redirectUri>
</xml>
